  3Dmodel.cpp
  Camera.cpp
  Gameover.cpp
  Hit_check.cpp
  Init.cpp
  Main.cpp
D:\2021summer_GAME\2021summer_GAME\Main.h(39,13): warning C4305: '初期化中': 'double' から 'float' へ切り詰めます。
D:\2021summer_GAME\2021summer_GAME\Main.cpp(112,35): warning C4244: '=': 'double' から 'float' への変換です。データが失われる可能性があります。
D:\2021summer_GAME\2021summer_GAME\Main.cpp(143,21): warning C4305: '=': 'double' から 'float' へ切り詰めます。
  Param_Info.cpp
  Player.cpp
D:\2021summer_GAME\2021summer_GAME\Player.cpp(45,17): warning C4244: '初期化中': 'double' から 'float' への変換です。データが失われる可能性があります。
  Title.cpp
  User_Interface.cpp
  コード生成しています。
  Previous IPDB not found, fall back to full compilation.
D:\2021summer_GAME\2021summer_GAME\Title.cpp(7): warning C4715: 'TitleLoad': 値を返さないコントロール パスがあります。
D:\2021summer_GAME\2021summer_GAME\Gameover.cpp(9): warning C4715: 'Gameoverload': 値を返さないコントロール パスがあります。
  All 56 functions were compiled because no usable IPDB/IOBJ from previous compilation was found.
  コード生成が終了しました。
  2021summer_GAME.vcxproj -> D:\2021summer_GAME\2021summer_GAME\Release\2021summer_GAME.exe
